Arguments: 
  C:\Program Files (x86)\nodejs\node.exe C:\Users\nahom\AppData\Roaming\npm\node_modules\yarn\bin\yarn.js add *

PATH: 
  C:\WINDOWS\system32;C:\WINDOWS;C:\WINDOWS\System32\Wbem;C:\WINDOWS\System32\WindowsPowerShell\v1.0\;C:\WINDOWS\System32\OpenSSH\;C:\Program Files\nodejs\node_modules\npm\bin;C:\Program Files (x86)\nodejs\;C:\Program Files\Git\cmd;C:\Program Files\Docker\Docker\resources\bin;C:\ProgramData\DockerDesktop\version-bin;C:\Users\nahom\AppData\Local\Programs\Python\Python38\Scripts\;C:\Users\nahom\AppData\Local\Programs\Python\Python38\;C:\Users\nahom\node_modules\.bin;C:\Users\nahom\AppData\Local\Programs\Microsoft VS Code\bin;C:\Users\nahom\AppData\Roaming\npm;C:\Program Files\MongoDB\Server\4.0\bin;C:\Program Files\Git\bin;D:\flutter\bin;C:\Program Files\PostgreSQL\13\bin;;%USERPROFILE%\AppData\Local\Microsoft\WindowsApps

Yarn version: 
  1.22.10

Node version: 
  12.18.3

Platform: 
  win32 ia32

Trace: 
  Error: https://registry.yarnpkg.com/*: Not found
      at Request.params.callback [as _callback] (C:\Users\nahom\AppData\Roaming\npm\node_modules\yarn\lib\cli.js:66988:18)
      at Request.self.callback (C:\Users\nahom\AppData\Roaming\npm\node_modules\yarn\lib\cli.js:140662:22)
      at Request.emit (events.js:315:20)
      at Request.<anonymous> (C:\Users\nahom\AppData\Roaming\npm\node_modules\yarn\lib\cli.js:141634:10)
      at Request.emit (events.js:315:20)
      at IncomingMessage.<anonymous> (C:\Users\nahom\AppData\Roaming\npm\node_modules\yarn\lib\cli.js:141556:12)
      at Object.onceWrapper (events.js:421:28)
      at IncomingMessage.emit (events.js:327:22)
      at endReadableNT (_stream_readable.js:1220:12)
      at processTicksAndRejections (internal/process/task_queues.js:84:21)

npm manifest: 
  No manifest

yarn manifest: 
  No manifest

Lockfile: 
  No lockfile
